HTTP/1.1 200 OK
Date: Wed, 30 Aug 2023 16:40:42 GMT
Content-Type: text/html
Content-Length: 615
Connection: keep-alive
Server: nginx/1.25.2
Last-Modified: Tue, 15 Aug 2023 17:03:04 GMT
ETag: "64dbafc8-267"
Accept-Ranges: bytes

HTTP/1.1 200 OK
Date: Wed, 30 Aug 2023 16:40:42 GMT
Content-Type: text/html
Content-Length: 615
Connection: keep-alive
Server: nginx/1.25.2
Last-Modified: Tue, 15 Aug 2023 17:03:04 GMT
ETag: "64dbafc8-267"
Accept-Ranges: bytes

HTTP/1.1 200 OK
Date: Wed, 30 Aug 2023 16:40:43 GMT
Content-Type: text/html
Content-Length: 615
Connection: keep-alive
Server: nginx/1.25.2
Last-Modified: Tue, 15 Aug 2023 17:03:04 GMT
ETag: "64dbafc8-267"
Accept-Ranges: bytes

HTTP/1.1 200 OK
Date: Wed, 30 Aug 2023 16:40:43 GMT
Content-Type: text/html
Content-Length: 615
Connection: keep-alive
Server: nginx/1.25.2
Last-Modified: Tue, 15 Aug 2023 17:03:04 GMT
ETag: "64dbafc8-267"
Accept-Ranges: bytes

HTTP/1.1 200 OK
Date: Wed, 30 Aug 2023 16:40:44 GMT
Content-Type: text/html
Content-Length: 615
Connection: keep-alive
Server: nginx/1.25.2
Last-Modified: Tue, 15 Aug 2023 17:03:04 GMT
ETag: "64dbafc8-267"
Accept-Ranges: bytes

HTTP/1.1 200 OK
Date: Wed, 30 Aug 2023 16:40:44 GMT
Content-Type: text/html
Content-Length: 615
Connection: keep-alive
Server: nginx/1.25.2
Last-Modified: Tue, 15 Aug 2023 17:03:04 GMT
ETag: "64dbafc8-267"
Accept-Ranges: bytes

HTTP/1.1 200 OK
Date: Wed, 30 Aug 2023 16:40:45 GMT
Content-Type: text/html
Content-Length: 615
Connection: keep-alive
Server: nginx/1.25.2
Last-Modified: Tue, 15 Aug 2023 17:03:04 GMT
ETag: "64dbafc8-267"
Accept-Ranges: bytes

HTTP/1.1 200 OK
Date: Wed, 30 Aug 2023 16:40:45 GMT
Content-Type: text/html
Content-Length: 615
Connection: keep-alive
Server: nginx/1.25.2
Last-Modified: Tue, 15 Aug 2023 17:03:04 GMT
ETag: "64dbafc8-267"
Accept-Ranges: bytes

HTTP/1.1 200 OK
Date: Wed, 30 Aug 2023 16:40:46 GMT
Content-Type: text/html
Content-Length: 615
Connection: keep-alive
Server: nginx/1.25.2
Last-Modified: Tue, 15 Aug 2023 17:03:04 GMT
ETag: "64dbafc8-267"
Accept-Ranges: bytes

HTTP/1.1 200 OK
Date: Wed, 30 Aug 2023 16:40:46 GMT
Content-Type: text/html
Content-Length: 615
Connection: keep-alive
Server: nginx/1.25.2
Last-Modified: Tue, 15 Aug 2023 17:03:04 GMT
ETag: "64dbafc8-267"
Accept-Ranges: bytes

HTTP/1.1 200 OK
Date: Wed, 30 Aug 2023 16:40:47 GMT
Content-Type: text/html
Content-Length: 615
Connection: keep-alive
Server: nginx/1.25.2
Last-Modified: Tue, 15 Aug 2023 17:03:04 GMT
ETag: "64dbafc8-267"
Accept-Ranges: bytes

HTTP/1.1 200 OK
Date: Wed, 30 Aug 2023 16:40:47 GMT
Content-Type: text/html
Content-Length: 615
Connection: keep-alive
Server: nginx/1.25.2
Last-Modified: Tue, 15 Aug 2023 17:03:04 GMT
ETag: "64dbafc8-267"
Accept-Ranges: bytes

HTTP/1.1 200 OK
Date: Wed, 30 Aug 2023 16:40:48 GMT
Content-Type: text/html
Content-Length: 615
Connection: keep-alive
Server: nginx/1.25.2
Last-Modified: Tue, 15 Aug 2023 17:03:04 GMT
ETag: "64dbafc8-267"
Accept-Ranges: bytes

HTTP/1.1 200 OK
Date: Wed, 30 Aug 2023 16:40:48 GMT
Content-Type: text/html
Content-Length: 615
Connection: keep-alive
Server: nginx/1.25.2
Last-Modified: Tue, 15 Aug 2023 17:03:04 GMT
ETag: "64dbafc8-267"
Accept-Ranges: bytes

HTTP/1.1 200 OK
Date: Wed, 30 Aug 2023 16:40:49 GMT
Content-Type: text/html
Content-Length: 615
Connection: keep-alive
Server: nginx/1.25.2
Last-Modified: Tue, 15 Aug 2023 17:03:04 GMT
ETag: "64dbafc8-267"
Accept-Ranges: bytes

HTTP/1.1 200 OK
Date: Wed, 30 Aug 2023 16:40:49 GMT
Content-Type: text/html
Content-Length: 615
Connection: keep-alive
Server: nginx/1.25.2
Last-Modified: Tue, 15 Aug 2023 17:03:04 GMT
ETag: "64dbafc8-267"
Accept-Ranges: bytes

HTTP/1.1 200 OK
Date: Wed, 30 Aug 2023 16:40:50 GMT
Content-Type: text/html
Content-Length: 615
Connection: keep-alive
Server: nginx/1.25.2
Last-Modified: Tue, 15 Aug 2023 17:03:04 GMT
ETag: "64dbafc8-267"
Accept-Ranges: bytes

HTTP/1.1 200 OK
Date: Wed, 30 Aug 2023 16:40:51 GMT
Content-Type: text/html
Content-Length: 615
Connection: keep-alive
Server: nginx/1.25.2
Last-Modified: Tue, 15 Aug 2023 17:03:04 GMT
ETag: "64dbafc8-267"
Accept-Ranges: bytes

HTTP/1.1 200 OK
Date: Wed, 30 Aug 2023 16:40:51 GMT
Content-Type: text/html
Content-Length: 615
Connection: keep-alive
Server: nginx/1.25.2
Last-Modified: Tue, 15 Aug 2023 17:03:04 GMT
ETag: "64dbafc8-267"
Accept-Ranges: bytes

HTTP/1.1 200 OK
Date: Wed, 30 Aug 2023 16:40:52 GMT
Content-Type: text/html
Content-Length: 615
Connection: keep-alive
Server: nginx/1.25.2
Last-Modified: Tue, 15 Aug 2023 17:03:04 GMT
ETag: "64dbafc8-267"
Accept-Ranges: bytes

HTTP/1.1 200 OK
Date: Wed, 30 Aug 2023 16:40:52 GMT
Content-Type: text/html
Content-Length: 615
Connection: keep-alive
Server: nginx/1.25.2
Last-Modified: Tue, 15 Aug 2023 17:03:04 GMT
ETag: "64dbafc8-267"
Accept-Ranges: bytes

HTTP/1.1 200 OK
Date: Wed, 30 Aug 2023 16:40:53 GMT
Content-Type: text/html
Content-Length: 615
Connection: keep-alive
Server: nginx/1.25.2
Last-Modified: Tue, 15 Aug 2023 17:03:04 GMT
ETag: "64dbafc8-267"
Accept-Ranges: bytes

HTTP/1.1 200 OK
Date: Wed, 30 Aug 2023 16:40:53 GMT
Content-Type: text/html
Content-Length: 615
Connection: keep-alive
Server: nginx/1.25.2
Last-Modified: Tue, 15 Aug 2023 17:03:04 GMT
ETag: "64dbafc8-267"
Accept-Ranges: bytes

HTTP/1.1 504 Gateway Time-out
Server: awselb/2.0
Date: Wed, 30 Aug 2023 16:41:04 GMT
Content-Type: text/html
Content-Length: 132
Connection: keep-alive

HTTP/1.1 504 Gateway Time-out
Server: awselb/2.0
Date: Wed, 30 Aug 2023 16:41:14 GMT
Content-Type: text/html
Content-Length: 132
Connection: keep-alive

HTTP/1.1 200 OK
Date: Wed, 30 Aug 2023 16:41:15 GMT
Content-Type: text/html
Content-Length: 615
Connection: keep-alive
Server: nginx/1.22.0
Last-Modified: Mon, 23 May 2022 23:59:19 GMT
ETag: "628c1fd7-267"
Accept-Ranges: bytes

HTTP/1.1 200 OK
Date: Wed, 30 Aug 2023 16:41:15 GMT
Content-Type: text/html
Content-Length: 615
Connection: keep-alive
Server: nginx/1.22.0
Last-Modified: Mon, 23 May 2022 23:59:19 GMT
ETag: "628c1fd7-267"
Accept-Ranges: bytes

HTTP/1.1 200 OK
Date: Wed, 30 Aug 2023 16:41:16 GMT
Content-Type: text/html
Content-Length: 615
Connection: keep-alive
Server: nginx/1.22.0
Last-Modified: Mon, 23 May 2022 23:59:19 GMT
ETag: "628c1fd7-267"
Accept-Ranges: bytes

HTTP/1.1 200 OK
Date: Wed, 30 Aug 2023 16:41:16 GMT
Content-Type: text/html
Content-Length: 615
Connection: keep-alive
Server: nginx/1.22.0
Last-Modified: Mon, 23 May 2022 23:59:19 GMT
ETag: "628c1fd7-267"
Accept-Ranges: bytes

HTTP/1.1 200 OK
Date: Wed, 30 Aug 2023 16:41:17 GMT
Content-Type: text/html
Content-Length: 615
Connection: keep-alive
Server: nginx/1.22.0
Last-Modified: Mon, 23 May 2022 23:59:19 GMT
ETag: "628c1fd7-267"
Accept-Ranges: bytes

HTTP/1.1 200 OK
Date: Wed, 30 Aug 2023 16:41:17 GMT
Content-Type: text/html
Content-Length: 615
Connection: keep-alive
Server: nginx/1.22.0
Last-Modified: Mon, 23 May 2022 23:59:19 GMT
ETag: "628c1fd7-267"
Accept-Ranges: bytes

HTTP/1.1 200 OK
Date: Wed, 30 Aug 2023 16:41:18 GMT
Content-Type: text/html
Content-Length: 615
Connection: keep-alive
Server: nginx/1.22.0
Last-Modified: Mon, 23 May 2022 23:59:19 GMT
ETag: "628c1fd7-267"
Accept-Ranges: bytes

HTTP/1.1 200 OK
Date: Wed, 30 Aug 2023 16:41:18 GMT
Content-Type: text/html
Content-Length: 615
Connection: keep-alive
Server: nginx/1.22.0
Last-Modified: Mon, 23 May 2022 23:59:19 GMT
ETag: "628c1fd7-267"
Accept-Ranges: bytes

HTTP/1.1 200 OK
Date: Wed, 30 Aug 2023 16:41:19 GMT
Content-Type: text/html
Content-Length: 615
Connection: keep-alive
Server: nginx/1.22.0
Last-Modified: Mon, 23 May 2022 23:59:19 GMT
ETag: "628c1fd7-267"
Accept-Ranges: bytes

HTTP/1.1 200 OK
Date: Wed, 30 Aug 2023 16:41:19 GMT
Content-Type: text/html
Content-Length: 615
Connection: keep-alive
Server: nginx/1.22.0
Last-Modified: Mon, 23 May 2022 23:59:19 GMT
ETag: "628c1fd7-267"
Accept-Ranges: bytes

HTTP/1.1 200 OK
Date: Wed, 30 Aug 2023 16:41:20 GMT
Content-Type: text/html
Content-Length: 615
Connection: keep-alive
Server: nginx/1.22.0
Last-Modified: Mon, 23 May 2022 23:59:19 GMT
ETag: "628c1fd7-267"
Accept-Ranges: bytes

HTTP/1.1 200 OK
Date: Wed, 30 Aug 2023 16:41:20 GMT
Content-Type: text/html
Content-Length: 615
Connection: keep-alive
Server: nginx/1.22.0
Last-Modified: Mon, 23 May 2022 23:59:19 GMT
ETag: "628c1fd7-267"
Accept-Ranges: bytes

HTTP/1.1 200 OK
Date: Wed, 30 Aug 2023 16:41:21 GMT
Content-Type: text/html
Content-Length: 615
Connection: keep-alive
Server: nginx/1.22.0
Last-Modified: Mon, 23 May 2022 23:59:19 GMT
ETag: "628c1fd7-267"
Accept-Ranges: bytes

HTTP/1.1 200 OK
Date: Wed, 30 Aug 2023 16:41:21 GMT
Content-Type: text/html
Content-Length: 615
Connection: keep-alive
Server: nginx/1.22.0
Last-Modified: Mon, 23 May 2022 23:59:19 GMT
ETag: "628c1fd7-267"
Accept-Ranges: bytes

HTTP/1.1 200 OK
Date: Wed, 30 Aug 2023 16:41:22 GMT
Content-Type: text/html
Content-Length: 615
Connection: keep-alive
Server: nginx/1.22.0
Last-Modified: Mon, 23 May 2022 23:59:19 GMT
ETag: "628c1fd7-267"
Accept-Ranges: bytes

HTTP/1.1 200 OK
Date: Wed, 30 Aug 2023 16:41:23 GMT
Content-Type: text/html
Content-Length: 615
Connection: keep-alive
Server: nginx/1.22.0
Last-Modified: Mon, 23 May 2022 23:59:19 GMT
ETag: "628c1fd7-267"
Accept-Ranges: bytes

HTTP/1.1 200 OK
Date: Wed, 30 Aug 2023 16:41:23 GMT
Content-Type: text/html
Content-Length: 615
Connection: keep-alive
Server: nginx/1.22.0
Last-Modified: Mon, 23 May 2022 23:59:19 GMT
ETag: "628c1fd7-267"
Accept-Ranges: bytes

HTTP/1.1 200 OK
Date: Wed, 30 Aug 2023 16:41:24 GMT
Content-Type: text/html
Content-Length: 615
Connection: keep-alive
Server: nginx/1.22.0
Last-Modified: Mon, 23 May 2022 23:59:19 GMT
ETag: "628c1fd7-267"
Accept-Ranges: bytes

HTTP/1.1 200 OK
Date: Wed, 30 Aug 2023 16:41:24 GMT
Content-Type: text/html
Content-Length: 615
Connection: keep-alive
Server: nginx/1.22.0
Last-Modified: Mon, 23 May 2022 23:59:19 GMT
ETag: "628c1fd7-267"
Accept-Ranges: bytes

HTTP/1.1 200 OK
Date: Wed, 30 Aug 2023 16:41:25 GMT
Content-Type: text/html
Content-Length: 615
Connection: keep-alive
Server: nginx/1.22.0
Last-Modified: Mon, 23 May 2022 23:59:19 GMT
ETag: "628c1fd7-267"
Accept-Ranges: bytes

HTTP/1.1 200 OK
Date: Wed, 30 Aug 2023 16:41:25 GMT
Content-Type: text/html
Content-Length: 615
Connection: keep-alive
Server: nginx/1.22.0
Last-Modified: Mon, 23 May 2022 23:59:19 GMT
ETag: "628c1fd7-267"
Accept-Ranges: bytes

HTTP/1.1 200 OK
Date: Wed, 30 Aug 2023 16:41:26 GMT
Content-Type: text/html
Content-Length: 615
Connection: keep-alive
Server: nginx/1.22.0
Last-Modified: Mon, 23 May 2022 23:59:19 GMT
ETag: "628c1fd7-267"
Accept-Ranges: bytes

HTTP/1.1 200 OK
Date: Wed, 30 Aug 2023 16:41:26 GMT
Content-Type: text/html
Content-Length: 615
Connection: keep-alive
Server: nginx/1.22.0
Last-Modified: Mon, 23 May 2022 23:59:19 GMT
ETag: "628c1fd7-267"
Accept-Ranges: bytes

HTTP/1.1 200 OK
Date: Wed, 30 Aug 2023 16:41:27 GMT
Content-Type: text/html
Content-Length: 615
Connection: keep-alive
Server: nginx/1.22.0
Last-Modified: Mon, 23 May 2022 23:59:19 GMT
ETag: "628c1fd7-267"
Accept-Ranges: bytes

HTTP/1.1 200 OK
Date: Wed, 30 Aug 2023 16:41:27 GMT
Content-Type: text/html
Content-Length: 615
Connection: keep-alive
Server: nginx/1.22.0
Last-Modified: Mon, 23 May 2022 23:59:19 GMT
ETag: "628c1fd7-267"
Accept-Ranges: bytes

HTTP/1.1 200 OK
Date: Wed, 30 Aug 2023 16:41:28 GMT
Content-Type: text/html
Content-Length: 615
Connection: keep-alive
Server: nginx/1.22.0
Last-Modified: Mon, 23 May 2022 23:59:19 GMT
ETag: "628c1fd7-267"
Accept-Ranges: bytes

HTTP/1.1 200 OK
Date: Wed, 30 Aug 2023 16:41:28 GMT
Content-Type: text/html
Content-Length: 615
Connection: keep-alive
Server: nginx/1.22.0
Last-Modified: Mon, 23 May 2022 23:59:19 GMT
ETag: "628c1fd7-267"
Accept-Ranges: bytes

HTTP/1.1 200 OK
Date: Wed, 30 Aug 2023 16:41:29 GMT
Content-Type: text/html
Content-Length: 615
Connection: keep-alive
Server: nginx/1.22.0
Last-Modified: Mon, 23 May 2022 23:59:19 GMT
ETag: "628c1fd7-267"
Accept-Ranges: bytes

HTTP/1.1 200 OK
Date: Wed, 30 Aug 2023 16:41:29 GMT
Content-Type: text/html
Content-Length: 615
Connection: keep-alive
Server: nginx/1.22.0
Last-Modified: Mon, 23 May 2022 23:59:19 GMT
ETag: "628c1fd7-267"
Accept-Ranges: bytes

HTTP/1.1 200 OK
Date: Wed, 30 Aug 2023 16:41:30 GMT
Content-Type: text/html
Content-Length: 615
Connection: keep-alive
Server: nginx/1.22.0
Last-Modified: Mon, 23 May 2022 23:59:19 GMT
ETag: "628c1fd7-267"
Accept-Ranges: bytes

HTTP/1.1 200 OK
Date: Wed, 30 Aug 2023 16:41:30 GMT
Content-Type: text/html
Content-Length: 615
Connection: keep-alive
Server: nginx/1.22.0
Last-Modified: Mon, 23 May 2022 23:59:19 GMT
ETag: "628c1fd7-267"
Accept-Ranges: bytes

HTTP/1.1 200 OK
Date: Wed, 30 Aug 2023 16:41:31 GMT
Content-Type: text/html
Content-Length: 615
Connection: keep-alive
Server: nginx/1.22.0
Last-Modified: Mon, 23 May 2022 23:59:19 GMT
ETag: "628c1fd7-267"
Accept-Ranges: bytes

HTTP/1.1 200 OK
Date: Wed, 30 Aug 2023 16:41:31 GMT
Content-Type: text/html
Content-Length: 615
Connection: keep-alive
Server: nginx/1.22.0
Last-Modified: Mon, 23 May 2022 23:59:19 GMT
ETag: "628c1fd7-267"
Accept-Ranges: bytes

HTTP/1.1 200 OK
Date: Wed, 30 Aug 2023 16:41:32 GMT
Content-Type: text/html
Content-Length: 615
Connection: keep-alive
Server: nginx/1.22.0
Last-Modified: Mon, 23 May 2022 23:59:19 GMT
ETag: "628c1fd7-267"
Accept-Ranges: bytes

HTTP/1.1 200 OK
Date: Wed, 30 Aug 2023 16:41:32 GMT
Content-Type: text/html
Content-Length: 615
Connection: keep-alive
Server: nginx/1.22.0
Last-Modified: Mon, 23 May 2022 23:59:19 GMT
ETag: "628c1fd7-267"
Accept-Ranges: bytes

HTTP/1.1 200 OK
Date: Wed, 30 Aug 2023 16:41:33 GMT
Content-Type: text/html
Content-Length: 615
Connection: keep-alive
Server: nginx/1.22.0
Last-Modified: Mon, 23 May 2022 23:59:19 GMT
ETag: "628c1fd7-267"
Accept-Ranges: bytes

HTTP/1.1 200 OK
Date: Wed, 30 Aug 2023 16:41:33 GMT
Content-Type: text/html
Content-Length: 615
Connection: keep-alive
Server: nginx/1.22.0
Last-Modified: Mon, 23 May 2022 23:59:19 GMT
ETag: "628c1fd7-267"
Accept-Ranges: bytes

HTTP/1.1 200 OK
Date: Wed, 30 Aug 2023 16:41:34 GMT
Content-Type: text/html
Content-Length: 615
Connection: keep-alive
Server: nginx/1.22.0
Last-Modified: Mon, 23 May 2022 23:59:19 GMT
ETag: "628c1fd7-267"
Accept-Ranges: bytes

HTTP/1.1 200 OK
Date: Wed, 30 Aug 2023 16:41:35 GMT
Content-Type: text/html
Content-Length: 615
Connection: keep-alive
Server: nginx/1.22.0
Last-Modified: Mon, 23 May 2022 23:59:19 GMT
ETag: "628c1fd7-267"
Accept-Ranges: bytes

HTTP/1.1 200 OK
Date: Wed, 30 Aug 2023 16:41:35 GMT
Content-Type: text/html
Content-Length: 615
Connection: keep-alive
Server: nginx/1.22.0
Last-Modified: Mon, 23 May 2022 23:59:19 GMT
ETag: "628c1fd7-267"
Accept-Ranges: bytes

HTTP/1.1 200 OK
Date: Wed, 30 Aug 2023 16:41:36 GMT
Content-Type: text/html
Content-Length: 615
Connection: keep-alive
Server: nginx/1.22.0
Last-Modified: Mon, 23 May 2022 23:59:19 GMT
ETag: "628c1fd7-267"
Accept-Ranges: bytes

HTTP/1.1 200 OK
Date: Wed, 30 Aug 2023 16:41:36 GMT
Content-Type: text/html
Content-Length: 615
Connection: keep-alive
Server: nginx/1.22.0
Last-Modified: Mon, 23 May 2022 23:59:19 GMT
ETag: "628c1fd7-267"
Accept-Ranges: bytes

HTTP/1.1 200 OK
Date: Wed, 30 Aug 2023 16:41:37 GMT
Content-Type: text/html
Content-Length: 615
Connection: keep-alive
Server: nginx/1.22.0
Last-Modified: Mon, 23 May 2022 23:59:19 GMT
ETag: "628c1fd7-267"
Accept-Ranges: bytes

HTTP/1.1 200 OK
Date: Wed, 30 Aug 2023 16:41:37 GMT
Content-Type: text/html
Content-Length: 615
Connection: keep-alive
Server: nginx/1.22.0
Last-Modified: Mon, 23 May 2022 23:59:19 GMT
ETag: "628c1fd7-267"
Accept-Ranges: bytes

HTTP/1.1 200 OK
Date: Wed, 30 Aug 2023 16:41:38 GMT
Content-Type: text/html
Content-Length: 615
Connection: keep-alive
Server: nginx/1.22.0
Last-Modified: Mon, 23 May 2022 23:59:19 GMT
ETag: "628c1fd7-267"
Accept-Ranges: bytes

HTTP/1.1 200 OK
Date: Wed, 30 Aug 2023 16:41:38 GMT
Content-Type: text/html
Content-Length: 615
Connection: keep-alive
Server: nginx/1.22.0
Last-Modified: Mon, 23 May 2022 23:59:19 GMT
ETag: "628c1fd7-267"
Accept-Ranges: bytes

HTTP/1.1 200 OK
Date: Wed, 30 Aug 2023 16:41:39 GMT
Content-Type: text/html
Content-Length: 615
Connection: keep-alive
Server: nginx/1.22.0
Last-Modified: Mon, 23 May 2022 23:59:19 GMT
ETag: "628c1fd7-267"
Accept-Ranges: bytes

HTTP/1.1 200 OK
Date: Wed, 30 Aug 2023 16:41:39 GMT
Content-Type: text/html
Content-Length: 615
Connection: keep-alive
Server: nginx/1.22.0
Last-Modified: Mon, 23 May 2022 23:59:19 GMT
ETag: "628c1fd7-267"
Accept-Ranges: bytes

HTTP/1.1 200 OK
Date: Wed, 30 Aug 2023 16:41:40 GMT
Content-Type: text/html
Content-Length: 615
Connection: keep-alive
Server: nginx/1.22.0
Last-Modified: Mon, 23 May 2022 23:59:19 GMT
ETag: "628c1fd7-267"
Accept-Ranges: bytes

HTTP/1.1 200 OK
Date: Wed, 30 Aug 2023 16:41:40 GMT
Content-Type: text/html
Content-Length: 615
Connection: keep-alive
Server: nginx/1.22.0
Last-Modified: Mon, 23 May 2022 23:59:19 GMT
ETag: "628c1fd7-267"
Accept-Ranges: bytes

HTTP/1.1 200 OK
Date: Wed, 30 Aug 2023 16:41:41 GMT
Content-Type: text/html
Content-Length: 615
Connection: keep-alive
Server: nginx/1.22.0
Last-Modified: Mon, 23 May 2022 23:59:19 GMT
ETag: "628c1fd7-267"
Accept-Ranges: bytes

HTTP/1.1 200 OK
Date: Wed, 30 Aug 2023 16:41:41 GMT
Content-Type: text/html
Content-Length: 615
Connection: keep-alive
Server: nginx/1.22.0
Last-Modified: Mon, 23 May 2022 23:59:19 GMT
ETag: "628c1fd7-267"
Accept-Ranges: bytes

HTTP/1.1 200 OK
Date: Wed, 30 Aug 2023 16:41:42 GMT
Content-Type: text/html
Content-Length: 615
Connection: keep-alive
Server: nginx/1.22.0
Last-Modified: Mon, 23 May 2022 23:59:19 GMT
ETag: "628c1fd7-267"
Accept-Ranges: bytes

HTTP/1.1 200 OK
Date: Wed, 30 Aug 2023 16:41:42 GMT
Content-Type: text/html
Content-Length: 615
Connection: keep-alive
Server: nginx/1.22.0
Last-Modified: Mon, 23 May 2022 23:59:19 GMT
ETag: "628c1fd7-267"
Accept-Ranges: bytes

HTTP/1.1 200 OK
Date: Wed, 30 Aug 2023 16:41:43 GMT
Content-Type: text/html
Content-Length: 615
Connection: keep-alive
Server: nginx/1.22.0
Last-Modified: Mon, 23 May 2022 23:59:19 GMT
ETag: "628c1fd7-267"
Accept-Ranges: bytes

HTTP/1.1 200 OK
Date: Wed, 30 Aug 2023 16:41:43 GMT
Content-Type: text/html
Content-Length: 615
Connection: keep-alive
Server: nginx/1.22.0
Last-Modified: Mon, 23 May 2022 23:59:19 GMT
ETag: "628c1fd7-267"
Accept-Ranges: bytes

HTTP/1.1 200 OK
Date: Wed, 30 Aug 2023 16:41:44 GMT
Content-Type: text/html
Content-Length: 615
Connection: keep-alive
Server: nginx/1.22.0
Last-Modified: Mon, 23 May 2022 23:59:19 GMT
ETag: "628c1fd7-267"
Accept-Ranges: bytes

HTTP/1.1 200 OK
Date: Wed, 30 Aug 2023 16:41:44 GMT
Content-Type: text/html
Content-Length: 615
Connection: keep-alive
Server: nginx/1.22.0
Last-Modified: Mon, 23 May 2022 23:59:19 GMT
ETag: "628c1fd7-267"
Accept-Ranges: bytes

HTTP/1.1 200 OK
Date: Wed, 30 Aug 2023 16:41:45 GMT
Content-Type: text/html
Content-Length: 615
Connection: keep-alive
Server: nginx/1.22.0
Last-Modified: Mon, 23 May 2022 23:59:19 GMT
ETag: "628c1fd7-267"
Accept-Ranges: bytes

HTTP/1.1 200 OK
Date: Wed, 30 Aug 2023 16:41:45 GMT
Content-Type: text/html
Content-Length: 615
Connection: keep-alive
Server: nginx/1.22.0
Last-Modified: Mon, 23 May 2022 23:59:19 GMT
ETag: "628c1fd7-267"
Accept-Ranges: bytes

HTTP/1.1 200 OK
Date: Wed, 30 Aug 2023 16:41:46 GMT
Content-Type: text/html
Content-Length: 615
Connection: keep-alive
Server: nginx/1.22.0
Last-Modified: Mon, 23 May 2022 23:59:19 GMT
ETag: "628c1fd7-267"
Accept-Ranges: bytes

HTTP/1.1 200 OK
Date: Wed, 30 Aug 2023 16:41:47 GMT
Content-Type: text/html
Content-Length: 615
Connection: keep-alive
Server: nginx/1.22.0
Last-Modified: Mon, 23 May 2022 23:59:19 GMT
ETag: "628c1fd7-267"
Accept-Ranges: bytes

HTTP/1.1 200 OK
Date: Wed, 30 Aug 2023 16:41:47 GMT
Content-Type: text/html
Content-Length: 615
Connection: keep-alive
Server: nginx/1.22.0
Last-Modified: Mon, 23 May 2022 23:59:19 GMT
ETag: "628c1fd7-267"
Accept-Ranges: bytes

HTTP/1.1 200 OK
Date: Wed, 30 Aug 2023 16:41:48 GMT
Content-Type: text/html
Content-Length: 615
Connection: keep-alive
Server: nginx/1.22.0
Last-Modified: Mon, 23 May 2022 23:59:19 GMT
ETag: "628c1fd7-267"
Accept-Ranges: bytes

HTTP/1.1 200 OK
Date: Wed, 30 Aug 2023 16:41:48 GMT
Content-Type: text/html
Content-Length: 615
Connection: keep-alive
Server: nginx/1.22.0
Last-Modified: Mon, 23 May 2022 23:59:19 GMT
ETag: "628c1fd7-267"
Accept-Ranges: bytes

HTTP/1.1 200 OK
Date: Wed, 30 Aug 2023 16:41:49 GMT
Content-Type: text/html
Content-Length: 615
Connection: keep-alive
Server: nginx/1.22.0
Last-Modified: Mon, 23 May 2022 23:59:19 GMT
ETag: "628c1fd7-267"
Accept-Ranges: bytes

HTTP/1.1 200 OK
Date: Wed, 30 Aug 2023 16:41:49 GMT
Content-Type: text/html
Content-Length: 615
Connection: keep-alive
Server: nginx/1.22.0
Last-Modified: Mon, 23 May 2022 23:59:19 GMT
ETag: "628c1fd7-267"
Accept-Ranges: bytes

HTTP/1.1 200 OK
Date: Wed, 30 Aug 2023 16:41:50 GMT
Content-Type: text/html
Content-Length: 615
Connection: keep-alive
Server: nginx/1.22.0
Last-Modified: Mon, 23 May 2022 23:59:19 GMT
ETag: "628c1fd7-267"
Accept-Ranges: bytes

HTTP/1.1 200 OK
Date: Wed, 30 Aug 2023 16:41:50 GMT
Content-Type: text/html
Content-Length: 615
Connection: keep-alive
Server: nginx/1.22.0
Last-Modified: Mon, 23 May 2022 23:59:19 GMT
ETag: "628c1fd7-267"
Accept-Ranges: bytes

HTTP/1.1 200 OK
Date: Wed, 30 Aug 2023 16:41:51 GMT
Content-Type: text/html
Content-Length: 615
Connection: keep-alive
Server: nginx/1.22.0
Last-Modified: Mon, 23 May 2022 23:59:19 GMT
ETag: "628c1fd7-267"
Accept-Ranges: bytes

HTTP/1.1 200 OK
Date: Wed, 30 Aug 2023 16:41:51 GMT
Content-Type: text/html
Content-Length: 615
Connection: keep-alive
Server: nginx/1.22.0
Last-Modified: Mon, 23 May 2022 23:59:19 GMT
ETag: "628c1fd7-267"
Accept-Ranges: bytes

HTTP/1.1 200 OK
Date: Wed, 30 Aug 2023 16:41:52 GMT
Content-Type: text/html
Content-Length: 615
Connection: keep-alive
Server: nginx/1.22.0
Last-Modified: Mon, 23 May 2022 23:59:19 GMT
ETag: "628c1fd7-267"
Accept-Ranges: bytes

HTTP/1.1 200 OK
Date: Wed, 30 Aug 2023 16:41:52 GMT
Content-Type: text/html
Content-Length: 615
Connection: keep-alive
Server: nginx/1.22.0
Last-Modified: Mon, 23 May 2022 23:59:19 GMT
ETag: "628c1fd7-267"
Accept-Ranges: bytes

HTTP/1.1 200 OK
Date: Wed, 30 Aug 2023 16:41:53 GMT
Content-Type: text/html
Content-Length: 615
Connection: keep-alive
Server: nginx/1.22.0
Last-Modified: Mon, 23 May 2022 23:59:19 GMT
ETag: "628c1fd7-267"
Accept-Ranges: bytes

HTTP/1.1 200 OK
Date: Wed, 30 Aug 2023 16:41:53 GMT
Content-Type: text/html
Content-Length: 615
Connection: keep-alive
Server: nginx/1.22.0
Last-Modified: Mon, 23 May 2022 23:59:19 GMT
ETag: "628c1fd7-267"
Accept-Ranges: bytes

HTTP/1.1 200 OK
Date: Wed, 30 Aug 2023 16:41:54 GMT
Content-Type: text/html
Content-Length: 615
Connection: keep-alive
Server: nginx/1.22.0
Last-Modified: Mon, 23 May 2022 23:59:19 GMT
ETag: "628c1fd7-267"
Accept-Ranges: bytes

HTTP/1.1 200 OK
Date: Wed, 30 Aug 2023 16:41:54 GMT
Content-Type: text/html
Content-Length: 615
Connection: keep-alive
Server: nginx/1.22.0
Last-Modified: Mon, 23 May 2022 23:59:19 GMT
ETag: "628c1fd7-267"
Accept-Ranges: bytes

HTTP/1.1 200 OK
Date: Wed, 30 Aug 2023 16:41:55 GMT
Content-Type: text/html
Content-Length: 615
Connection: keep-alive
Server: nginx/1.22.0
Last-Modified: Mon, 23 May 2022 23:59:19 GMT
ETag: "628c1fd7-267"
Accept-Ranges: bytes

HTTP/1.1 200 OK
Date: Wed, 30 Aug 2023 16:41:55 GMT
Content-Type: text/html
Content-Length: 615
Connection: keep-alive
Server: nginx/1.22.0
Last-Modified: Mon, 23 May 2022 23:59:19 GMT
ETag: "628c1fd7-267"
Accept-Ranges: bytes

HTTP/1.1 200 OK
Date: Wed, 30 Aug 2023 16:41:56 GMT
Content-Type: text/html
Content-Length: 615
Connection: keep-alive
Server: nginx/1.22.0
Last-Modified: Mon, 23 May 2022 23:59:19 GMT
ETag: "628c1fd7-267"
Accept-Ranges: bytes

HTTP/1.1 200 OK
Date: Wed, 30 Aug 2023 16:41:56 GMT
Content-Type: text/html
Content-Length: 615
Connection: keep-alive
Server: nginx/1.22.0
Last-Modified: Mon, 23 May 2022 23:59:19 GMT
ETag: "628c1fd7-267"
Accept-Ranges: bytes

HTTP/1.1 200 OK
Date: Wed, 30 Aug 2023 16:41:57 GMT
Content-Type: text/html
Content-Length: 615
Connection: keep-alive
Server: nginx/1.22.0
Last-Modified: Mon, 23 May 2022 23:59:19 GMT
ETag: "628c1fd7-267"
Accept-Ranges: bytes

HTTP/1.1 200 OK
Date: Wed, 30 Aug 2023 16:41:57 GMT
Content-Type: text/html
Content-Length: 615
Connection: keep-alive
Server: nginx/1.22.0
Last-Modified: Mon, 23 May 2022 23:59:19 GMT
ETag: "628c1fd7-267"
Accept-Ranges: bytes

HTTP/1.1 200 OK
Date: Wed, 30 Aug 2023 16:41:58 GMT
Content-Type: text/html
Content-Length: 615
Connection: keep-alive
Server: nginx/1.22.0
Last-Modified: Mon, 23 May 2022 23:59:19 GMT
ETag: "628c1fd7-267"
Accept-Ranges: bytes

HTTP/1.1 200 OK
Date: Wed, 30 Aug 2023 16:41:59 GMT
Content-Type: text/html
Content-Length: 615
Connection: keep-alive
Server: nginx/1.22.0
Last-Modified: Mon, 23 May 2022 23:59:19 GMT
ETag: "628c1fd7-267"
Accept-Ranges: bytes

HTTP/1.1 200 OK
Date: Wed, 30 Aug 2023 16:41:59 GMT
Content-Type: text/html
Content-Length: 615
Connection: keep-alive
Server: nginx/1.22.0
Last-Modified: Mon, 23 May 2022 23:59:19 GMT
ETag: "628c1fd7-267"
Accept-Ranges: bytes

HTTP/1.1 200 OK
Date: Wed, 30 Aug 2023 16:42:00 GMT
Content-Type: text/html
Content-Length: 615
Connection: keep-alive
Server: nginx/1.22.0
Last-Modified: Mon, 23 May 2022 23:59:19 GMT
ETag: "628c1fd7-267"
Accept-Ranges: bytes

HTTP/1.1 200 OK
Date: Wed, 30 Aug 2023 16:42:00 GMT
Content-Type: text/html
Content-Length: 615
Connection: keep-alive
Server: nginx/1.22.0
Last-Modified: Mon, 23 May 2022 23:59:19 GMT
ETag: "628c1fd7-267"
Accept-Ranges: bytes

HTTP/1.1 200 OK
Date: Wed, 30 Aug 2023 16:42:01 GMT
Content-Type: text/html
Content-Length: 615
Connection: keep-alive
Server: nginx/1.22.0
Last-Modified: Mon, 23 May 2022 23:59:19 GMT
ETag: "628c1fd7-267"
Accept-Ranges: bytes

HTTP/1.1 200 OK
Date: Wed, 30 Aug 2023 16:42:01 GMT
Content-Type: text/html
Content-Length: 615
Connection: keep-alive
Server: nginx/1.22.0
Last-Modified: Mon, 23 May 2022 23:59:19 GMT
ETag: "628c1fd7-267"
Accept-Ranges: bytes

HTTP/1.1 200 OK
Date: Wed, 30 Aug 2023 16:42:02 GMT
Content-Type: text/html
Content-Length: 615
Connection: keep-alive
Server: nginx/1.22.0
Last-Modified: Mon, 23 May 2022 23:59:19 GMT
ETag: "628c1fd7-267"
Accept-Ranges: bytes

HTTP/1.1 200 OK
Date: Wed, 30 Aug 2023 16:42:02 GMT
Content-Type: text/html
Content-Length: 615
Connection: keep-alive
Server: nginx/1.22.0
Last-Modified: Mon, 23 May 2022 23:59:19 GMT
ETag: "628c1fd7-267"
Accept-Ranges: bytes

HTTP/1.1 200 OK
Date: Wed, 30 Aug 2023 16:42:03 GMT
Content-Type: text/html
Content-Length: 615
Connection: keep-alive
Server: nginx/1.22.0
Last-Modified: Mon, 23 May 2022 23:59:19 GMT
ETag: "628c1fd7-267"
Accept-Ranges: bytes

HTTP/1.1 200 OK
Date: Wed, 30 Aug 2023 16:42:03 GMT
Content-Type: text/html
Content-Length: 615
Connection: keep-alive
Server: nginx/1.22.0
Last-Modified: Mon, 23 May 2022 23:59:19 GMT
ETag: "628c1fd7-267"
Accept-Ranges: bytes

HTTP/1.1 200 OK
Date: Wed, 30 Aug 2023 16:42:04 GMT
Content-Type: text/html
Content-Length: 615
Connection: keep-alive
Server: nginx/1.22.0
Last-Modified: Mon, 23 May 2022 23:59:19 GMT
ETag: "628c1fd7-267"
Accept-Ranges: bytes

HTTP/1.1 200 OK
Date: Wed, 30 Aug 2023 16:42:04 GMT
Content-Type: text/html
Content-Length: 615
Connection: keep-alive
Server: nginx/1.22.0
Last-Modified: Mon, 23 May 2022 23:59:19 GMT
ETag: "628c1fd7-267"
Accept-Ranges: bytes

HTTP/1.1 200 OK
Date: Wed, 30 Aug 2023 16:42:05 GMT
Content-Type: text/html
Content-Length: 615
Connection: keep-alive
Server: nginx/1.22.0
Last-Modified: Mon, 23 May 2022 23:59:19 GMT
ETag: "628c1fd7-267"
Accept-Ranges: bytes

HTTP/1.1 200 OK
Date: Wed, 30 Aug 2023 16:42:05 GMT
Content-Type: text/html
Content-Length: 615
Connection: keep-alive
Server: nginx/1.22.0
Last-Modified: Mon, 23 May 2022 23:59:19 GMT
ETag: "628c1fd7-267"
Accept-Ranges: bytes

HTTP/1.1 200 OK
Date: Wed, 30 Aug 2023 16:42:06 GMT
Content-Type: text/html
Content-Length: 615
Connection: keep-alive
Server: nginx/1.22.0
Last-Modified: Mon, 23 May 2022 23:59:19 GMT
ETag: "628c1fd7-267"
Accept-Ranges: bytes

HTTP/1.1 200 OK
Date: Wed, 30 Aug 2023 16:42:06 GMT
Content-Type: text/html
Content-Length: 615
Connection: keep-alive
Server: nginx/1.22.0
Last-Modified: Mon, 23 May 2022 23:59:19 GMT
ETag: "628c1fd7-267"
Accept-Ranges: bytes

HTTP/1.1 200 OK
Date: Wed, 30 Aug 2023 16:42:07 GMT
Content-Type: text/html
Content-Length: 615
Connection: keep-alive
Server: nginx/1.22.0
Last-Modified: Mon, 23 May 2022 23:59:19 GMT
ETag: "628c1fd7-267"
Accept-Ranges: bytes

HTTP/1.1 200 OK
Date: Wed, 30 Aug 2023 16:42:07 GMT
Content-Type: text/html
Content-Length: 615
Connection: keep-alive
Server: nginx/1.22.0
Last-Modified: Mon, 23 May 2022 23:59:19 GMT
ETag: "628c1fd7-267"
Accept-Ranges: bytes

HTTP/1.1 200 OK
Date: Wed, 30 Aug 2023 16:42:08 GMT
Content-Type: text/html
Content-Length: 615
Connection: keep-alive
Server: nginx/1.22.0
Last-Modified: Mon, 23 May 2022 23:59:19 GMT
ETag: "628c1fd7-267"
Accept-Ranges: bytes

HTTP/1.1 200 OK
Date: Wed, 30 Aug 2023 16:42:08 GMT
Content-Type: text/html
Content-Length: 615
Connection: keep-alive
Server: nginx/1.22.0
Last-Modified: Mon, 23 May 2022 23:59:19 GMT
ETag: "628c1fd7-267"
Accept-Ranges: bytes

HTTP/1.1 200 OK
Date: Wed, 30 Aug 2023 16:42:09 GMT
Content-Type: text/html
Content-Length: 615
Connection: keep-alive
Server: nginx/1.22.0
Last-Modified: Mon, 23 May 2022 23:59:19 GMT
ETag: "628c1fd7-267"
Accept-Ranges: bytes

HTTP/1.1 200 OK
Date: Wed, 30 Aug 2023 16:42:09 GMT
Content-Type: text/html
Content-Length: 615
Connection: keep-alive
Server: nginx/1.22.0
Last-Modified: Mon, 23 May 2022 23:59:19 GMT
ETag: "628c1fd7-267"
Accept-Ranges: bytes

HTTP/1.1 200 OK
Date: Wed, 30 Aug 2023 16:42:10 GMT
Content-Type: text/html
Content-Length: 615
Connection: keep-alive
Server: nginx/1.22.0
Last-Modified: Mon, 23 May 2022 23:59:19 GMT
ETag: "628c1fd7-267"
Accept-Ranges: bytes

HTTP/1.1 200 OK
Date: Wed, 30 Aug 2023 16:42:11 GMT
Content-Type: text/html
Content-Length: 615
Connection: keep-alive
Server: nginx/1.22.0
Last-Modified: Mon, 23 May 2022 23:59:19 GMT
ETag: "628c1fd7-267"
Accept-Ranges: bytes

HTTP/1.1 200 OK
Date: Wed, 30 Aug 2023 16:42:11 GMT
Content-Type: text/html
Content-Length: 615
Connection: keep-alive
Server: nginx/1.22.0
Last-Modified: Mon, 23 May 2022 23:59:19 GMT
ETag: "628c1fd7-267"
Accept-Ranges: bytes

HTTP/1.1 200 OK
Date: Wed, 30 Aug 2023 16:42:12 GMT
Content-Type: text/html
Content-Length: 615
Connection: keep-alive
Server: nginx/1.22.0
Last-Modified: Mon, 23 May 2022 23:59:19 GMT
ETag: "628c1fd7-267"
Accept-Ranges: bytes

HTTP/1.1 200 OK
Date: Wed, 30 Aug 2023 16:42:12 GMT
Content-Type: text/html
Content-Length: 615
Connection: keep-alive
Server: nginx/1.22.0
Last-Modified: Mon, 23 May 2022 23:59:19 GMT
ETag: "628c1fd7-267"
Accept-Ranges: bytes

HTTP/1.1 200 OK
Date: Wed, 30 Aug 2023 16:42:13 GMT
Content-Type: text/html
Content-Length: 615
Connection: keep-alive
Server: nginx/1.22.0
Last-Modified: Mon, 23 May 2022 23:59:19 GMT
ETag: "628c1fd7-267"
Accept-Ranges: bytes

HTTP/1.1 200 OK
Date: Wed, 30 Aug 2023 16:42:13 GMT
Content-Type: text/html
Content-Length: 615
Connection: keep-alive
Server: nginx/1.22.0
Last-Modified: Mon, 23 May 2022 23:59:19 GMT
ETag: "628c1fd7-267"
Accept-Ranges: bytes

HTTP/1.1 200 OK
Date: Wed, 30 Aug 2023 16:42:14 GMT
Content-Type: text/html
Content-Length: 615
Connection: keep-alive
Server: nginx/1.22.0
Last-Modified: Mon, 23 May 2022 23:59:19 GMT
ETag: "628c1fd7-267"
Accept-Ranges: bytes

HTTP/1.1 200 OK
Date: Wed, 30 Aug 2023 16:42:14 GMT
Content-Type: text/html
Content-Length: 615
Connection: keep-alive
Server: nginx/1.22.0
Last-Modified: Mon, 23 May 2022 23:59:19 GMT
ETag: "628c1fd7-267"
Accept-Ranges: bytes

HTTP/1.1 200 OK
Date: Wed, 30 Aug 2023 16:42:15 GMT
Content-Type: text/html
Content-Length: 615
Connection: keep-alive
Server: nginx/1.22.0
Last-Modified: Mon, 23 May 2022 23:59:19 GMT
ETag: "628c1fd7-267"
Accept-Ranges: bytes

HTTP/1.1 200 OK
Date: Wed, 30 Aug 2023 16:42:15 GMT
Content-Type: text/html
Content-Length: 615
Connection: keep-alive
Server: nginx/1.22.0
Last-Modified: Mon, 23 May 2022 23:59:19 GMT
ETag: "628c1fd7-267"
Accept-Ranges: bytes

HTTP/1.1 200 OK
Date: Wed, 30 Aug 2023 16:42:16 GMT
Content-Type: text/html
Content-Length: 615
Connection: keep-alive
Server: nginx/1.22.0
Last-Modified: Mon, 23 May 2022 23:59:19 GMT
ETag: "628c1fd7-267"
Accept-Ranges: bytes

HTTP/1.1 200 OK
Date: Wed, 30 Aug 2023 16:42:16 GMT
Content-Type: text/html
Content-Length: 615
Connection: keep-alive
Server: nginx/1.22.0
Last-Modified: Mon, 23 May 2022 23:59:19 GMT
ETag: "628c1fd7-267"
Accept-Ranges: bytes

HTTP/1.1 200 OK
Date: Wed, 30 Aug 2023 16:42:17 GMT
Content-Type: text/html
Content-Length: 615
Connection: keep-alive
Server: nginx/1.22.0
Last-Modified: Mon, 23 May 2022 23:59:19 GMT
ETag: "628c1fd7-267"
Accept-Ranges: bytes

HTTP/1.1 200 OK
Date: Wed, 30 Aug 2023 16:42:17 GMT
Content-Type: text/html
Content-Length: 615
Connection: keep-alive
Server: nginx/1.22.0
Last-Modified: Mon, 23 May 2022 23:59:19 GMT
ETag: "628c1fd7-267"
Accept-Ranges: bytes

HTTP/1.1 200 OK
Date: Wed, 30 Aug 2023 16:42:18 GMT
Content-Type: text/html
Content-Length: 615
Connection: keep-alive
Server: nginx/1.22.0
Last-Modified: Mon, 23 May 2022 23:59:19 GMT
ETag: "628c1fd7-267"
Accept-Ranges: bytes

HTTP/1.1 200 OK
Date: Wed, 30 Aug 2023 16:42:18 GMT
Content-Type: text/html
Content-Length: 615
Connection: keep-alive
Server: nginx/1.22.0
Last-Modified: Mon, 23 May 2022 23:59:19 GMT
ETag: "628c1fd7-267"
Accept-Ranges: bytes

HTTP/1.1 200 OK
Date: Wed, 30 Aug 2023 16:42:19 GMT
Content-Type: text/html
Content-Length: 615
Connection: keep-alive
Server: nginx/1.22.0
Last-Modified: Mon, 23 May 2022 23:59:19 GMT
ETag: "628c1fd7-267"
Accept-Ranges: bytes

HTTP/1.1 200 OK
Date: Wed, 30 Aug 2023 16:42:19 GMT
Content-Type: text/html
Content-Length: 615
Connection: keep-alive
Server: nginx/1.22.0
Last-Modified: Mon, 23 May 2022 23:59:19 GMT
ETag: "628c1fd7-267"
Accept-Ranges: bytes

HTTP/1.1 200 OK
Date: Wed, 30 Aug 2023 16:42:20 GMT
Content-Type: text/html
Content-Length: 615
Connection: keep-alive
Server: nginx/1.22.0
Last-Modified: Mon, 23 May 2022 23:59:19 GMT
ETag: "628c1fd7-267"
Accept-Ranges: bytes

HTTP/1.1 200 OK
Date: Wed, 30 Aug 2023 16:42:20 GMT
Content-Type: text/html
Content-Length: 615
Connection: keep-alive
Server: nginx/1.22.0
Last-Modified: Mon, 23 May 2022 23:59:19 GMT
ETag: "628c1fd7-267"
Accept-Ranges: bytes

HTTP/1.1 200 OK
Date: Wed, 30 Aug 2023 16:42:21 GMT
Content-Type: text/html
Content-Length: 615
Connection: keep-alive
Server: nginx/1.22.0
Last-Modified: Mon, 23 May 2022 23:59:19 GMT
ETag: "628c1fd7-267"
Accept-Ranges: bytes

HTTP/1.1 200 OK
Date: Wed, 30 Aug 2023 16:42:21 GMT
Content-Type: text/html
Content-Length: 615
Connection: keep-alive
Server: nginx/1.22.0
Last-Modified: Mon, 23 May 2022 23:59:19 GMT
ETag: "628c1fd7-267"
Accept-Ranges: bytes

HTTP/1.1 200 OK
Date: Wed, 30 Aug 2023 16:42:22 GMT
Content-Type: text/html
Content-Length: 615
Connection: keep-alive
Server: nginx/1.22.0
Last-Modified: Mon, 23 May 2022 23:59:19 GMT
ETag: "628c1fd7-267"
Accept-Ranges: bytes

HTTP/1.1 200 OK
Date: Wed, 30 Aug 2023 16:42:22 GMT
Content-Type: text/html
Content-Length: 615
Connection: keep-alive
Server: nginx/1.22.0
Last-Modified: Mon, 23 May 2022 23:59:19 GMT
ETag: "628c1fd7-267"
Accept-Ranges: bytes

HTTP/1.1 200 OK
Date: Wed, 30 Aug 2023 16:42:23 GMT
Content-Type: text/html
Content-Length: 615
Connection: keep-alive
Server: nginx/1.22.0
Last-Modified: Mon, 23 May 2022 23:59:19 GMT
ETag: "628c1fd7-267"
Accept-Ranges: bytes

HTTP/1.1 200 OK
Date: Wed, 30 Aug 2023 16:42:24 GMT
Content-Type: text/html
Content-Length: 615
Connection: keep-alive
Server: nginx/1.22.0
Last-Modified: Mon, 23 May 2022 23:59:19 GMT
ETag: "628c1fd7-267"
Accept-Ranges: bytes

HTTP/1.1 200 OK
Date: Wed, 30 Aug 2023 16:42:24 GMT
Content-Type: text/html
Content-Length: 615
Connection: keep-alive
Server: nginx/1.22.0
Last-Modified: Mon, 23 May 2022 23:59:19 GMT
ETag: "628c1fd7-267"
Accept-Ranges: bytes

HTTP/1.1 200 OK
Date: Wed, 30 Aug 2023 16:42:25 GMT
Content-Type: text/html
Content-Length: 615
Connection: keep-alive
Server: nginx/1.22.0
Last-Modified: Mon, 23 May 2022 23:59:19 GMT
ETag: "628c1fd7-267"
Accept-Ranges: bytes

HTTP/1.1 200 OK
Date: Wed, 30 Aug 2023 16:42:25 GMT
Content-Type: text/html
Content-Length: 615
Connection: keep-alive
Server: nginx/1.22.0
Last-Modified: Mon, 23 May 2022 23:59:19 GMT
ETag: "628c1fd7-267"
Accept-Ranges: bytes

HTTP/1.1 200 OK
Date: Wed, 30 Aug 2023 16:42:26 GMT
Content-Type: text/html
Content-Length: 615
Connection: keep-alive
Server: nginx/1.22.0
Last-Modified: Mon, 23 May 2022 23:59:19 GMT
ETag: "628c1fd7-267"
Accept-Ranges: bytes

HTTP/1.1 200 OK
Date: Wed, 30 Aug 2023 16:42:26 GMT
Content-Type: text/html
Content-Length: 615
Connection: keep-alive
Server: nginx/1.22.0
Last-Modified: Mon, 23 May 2022 23:59:19 GMT
ETag: "628c1fd7-267"
Accept-Ranges: bytes

HTTP/1.1 200 OK
Date: Wed, 30 Aug 2023 16:42:27 GMT
Content-Type: text/html
Content-Length: 615
Connection: keep-alive
Server: nginx/1.22.0
Last-Modified: Mon, 23 May 2022 23:59:19 GMT
ETag: "628c1fd7-267"
Accept-Ranges: bytes

HTTP/1.1 200 OK
Date: Wed, 30 Aug 2023 16:42:27 GMT
Content-Type: text/html
Content-Length: 615
Connection: keep-alive
Server: nginx/1.22.0
Last-Modified: Mon, 23 May 2022 23:59:19 GMT
ETag: "628c1fd7-267"
Accept-Ranges: bytes

HTTP/1.1 200 OK
Date: Wed, 30 Aug 2023 16:42:28 GMT
Content-Type: text/html
Content-Length: 615
Connection: keep-alive
Server: nginx/1.22.0
Last-Modified: Mon, 23 May 2022 23:59:19 GMT
ETag: "628c1fd7-267"
Accept-Ranges: bytes

HTTP/1.1 200 OK
Date: Wed, 30 Aug 2023 16:42:28 GMT
Content-Type: text/html
Content-Length: 615
Connection: keep-alive
Server: nginx/1.22.0
Last-Modified: Mon, 23 May 2022 23:59:19 GMT
ETag: "628c1fd7-267"
Accept-Ranges: bytes

HTTP/1.1 200 OK
Date: Wed, 30 Aug 2023 16:42:29 GMT
Content-Type: text/html
Content-Length: 615
Connection: keep-alive
Server: nginx/1.22.0
Last-Modified: Mon, 23 May 2022 23:59:19 GMT
ETag: "628c1fd7-267"
Accept-Ranges: bytes

HTTP/1.1 200 OK
Date: Wed, 30 Aug 2023 16:42:29 GMT
Content-Type: text/html
Content-Length: 615
Connection: keep-alive
Server: nginx/1.22.0
Last-Modified: Mon, 23 May 2022 23:59:19 GMT
ETag: "628c1fd7-267"
Accept-Ranges: bytes

HTTP/1.1 200 OK
Date: Wed, 30 Aug 2023 16:42:30 GMT
Content-Type: text/html
Content-Length: 615
Connection: keep-alive
Server: nginx/1.22.0
Last-Modified: Mon, 23 May 2022 23:59:19 GMT
ETag: "628c1fd7-267"
Accept-Ranges: bytes

HTTP/1.1 200 OK
Date: Wed, 30 Aug 2023 16:42:30 GMT
Content-Type: text/html
Content-Length: 615
Connection: keep-alive
Server: nginx/1.22.0
Last-Modified: Mon, 23 May 2022 23:59:19 GMT
ETag: "628c1fd7-267"
Accept-Ranges: bytes

HTTP/1.1 200 OK
Date: Wed, 30 Aug 2023 16:42:31 GMT
Content-Type: text/html
Content-Length: 615
Connection: keep-alive
Server: nginx/1.22.0
Last-Modified: Mon, 23 May 2022 23:59:19 GMT
ETag: "628c1fd7-267"
Accept-Ranges: bytes

HTTP/1.1 200 OK
Date: Wed, 30 Aug 2023 16:42:31 GMT
Content-Type: text/html
Content-Length: 615
Connection: keep-alive
Server: nginx/1.22.0
Last-Modified: Mon, 23 May 2022 23:59:19 GMT
ETag: "628c1fd7-267"
Accept-Ranges: bytes

HTTP/1.1 200 OK
Date: Wed, 30 Aug 2023 16:42:32 GMT
Content-Type: text/html
Content-Length: 615
Connection: keep-alive
Server: nginx/1.22.0
Last-Modified: Mon, 23 May 2022 23:59:19 GMT
ETag: "628c1fd7-267"
Accept-Ranges: bytes

HTTP/1.1 200 OK
Date: Wed, 30 Aug 2023 16:42:32 GMT
Content-Type: text/html
Content-Length: 615
Connection: keep-alive
Server: nginx/1.22.0
Last-Modified: Mon, 23 May 2022 23:59:19 GMT
ETag: "628c1fd7-267"
Accept-Ranges: bytes

HTTP/1.1 200 OK
Date: Wed, 30 Aug 2023 16:42:33 GMT
Content-Type: text/html
Content-Length: 615
Connection: keep-alive
Server: nginx/1.22.0
Last-Modified: Mon, 23 May 2022 23:59:19 GMT
ETag: "628c1fd7-267"
Accept-Ranges: bytes

HTTP/1.1 200 OK
Date: Wed, 30 Aug 2023 16:42:33 GMT
Content-Type: text/html
Content-Length: 615
Connection: keep-alive
Server: nginx/1.22.0
Last-Modified: Mon, 23 May 2022 23:59:19 GMT
ETag: "628c1fd7-267"
Accept-Ranges: bytes

HTTP/1.1 200 OK
Date: Wed, 30 Aug 2023 16:42:34 GMT
Content-Type: text/html
Content-Length: 615
Connection: keep-alive
Server: nginx/1.22.0
Last-Modified: Mon, 23 May 2022 23:59:19 GMT
ETag: "628c1fd7-267"
Accept-Ranges: bytes

HTTP/1.1 200 OK
Date: Wed, 30 Aug 2023 16:42:34 GMT
Content-Type: text/html
Content-Length: 615
Connection: keep-alive
Server: nginx/1.22.0
Last-Modified: Mon, 23 May 2022 23:59:19 GMT
ETag: "628c1fd7-267"
Accept-Ranges: bytes

HTTP/1.1 200 OK
Date: Wed, 30 Aug 2023 16:42:35 GMT
Content-Type: text/html
Content-Length: 615
Connection: keep-alive
Server: nginx/1.22.0
Last-Modified: Mon, 23 May 2022 23:59:19 GMT
ETag: "628c1fd7-267"
Accept-Ranges: bytes

HTTP/1.1 200 OK
Date: Wed, 30 Aug 2023 16:42:35 GMT
Content-Type: text/html
Content-Length: 615
Connection: keep-alive
Server: nginx/1.22.0
Last-Modified: Mon, 23 May 2022 23:59:19 GMT
ETag: "628c1fd7-267"
Accept-Ranges: bytes

HTTP/1.1 200 OK
Date: Wed, 30 Aug 2023 16:42:36 GMT
Content-Type: text/html
Content-Length: 615
Connection: keep-alive
Server: nginx/1.22.0
Last-Modified: Mon, 23 May 2022 23:59:19 GMT
ETag: "628c1fd7-267"
Accept-Ranges: bytes

HTTP/1.1 200 OK
Date: Wed, 30 Aug 2023 16:42:37 GMT
Content-Type: text/html
Content-Length: 615
Connection: keep-alive
Server: nginx/1.22.0
Last-Modified: Mon, 23 May 2022 23:59:19 GMT
ETag: "628c1fd7-267"
Accept-Ranges: bytes

HTTP/1.1 200 OK
Date: Wed, 30 Aug 2023 16:42:37 GMT
Content-Type: text/html
Content-Length: 615
Connection: keep-alive
Server: nginx/1.22.0
Last-Modified: Mon, 23 May 2022 23:59:19 GMT
ETag: "628c1fd7-267"
Accept-Ranges: bytes

HTTP/1.1 200 OK
Date: Wed, 30 Aug 2023 16:42:38 GMT
Content-Type: text/html
Content-Length: 615
Connection: keep-alive
Server: nginx/1.22.0
Last-Modified: Mon, 23 May 2022 23:59:19 GMT
ETag: "628c1fd7-267"
Accept-Ranges: bytes

HTTP/1.1 200 OK
Date: Wed, 30 Aug 2023 16:42:38 GMT
Content-Type: text/html
Content-Length: 615
Connection: keep-alive
Server: nginx/1.22.0
Last-Modified: Mon, 23 May 2022 23:59:19 GMT
ETag: "628c1fd7-267"
Accept-Ranges: bytes

HTTP/1.1 200 OK
Date: Wed, 30 Aug 2023 16:42:39 GMT
Content-Type: text/html
Content-Length: 615
Connection: keep-alive
Server: nginx/1.22.0
Last-Modified: Mon, 23 May 2022 23:59:19 GMT
ETag: "628c1fd7-267"
Accept-Ranges: bytes

HTTP/1.1 200 OK
Date: Wed, 30 Aug 2023 16:42:39 GMT
Content-Type: text/html
Content-Length: 615
Connection: keep-alive
Server: nginx/1.22.0
Last-Modified: Mon, 23 May 2022 23:59:19 GMT
ETag: "628c1fd7-267"
Accept-Ranges: bytes

HTTP/1.1 200 OK
Date: Wed, 30 Aug 2023 16:42:40 GMT
Content-Type: text/html
Content-Length: 615
Connection: keep-alive
Server: nginx/1.22.0
Last-Modified: Mon, 23 May 2022 23:59:19 GMT
ETag: "628c1fd7-267"
Accept-Ranges: bytes

HTTP/1.1 200 OK
Date: Wed, 30 Aug 2023 16:42:40 GMT
Content-Type: text/html
Content-Length: 615
Connection: keep-alive
Server: nginx/1.22.0
Last-Modified: Mon, 23 May 2022 23:59:19 GMT
ETag: "628c1fd7-267"
Accept-Ranges: bytes

HTTP/1.1 200 OK
Date: Wed, 30 Aug 2023 16:42:41 GMT
Content-Type: text/html
Content-Length: 615
Connection: keep-alive
Server: nginx/1.22.0
Last-Modified: Mon, 23 May 2022 23:59:19 GMT
ETag: "628c1fd7-267"
Accept-Ranges: bytes

HTTP/1.1 200 OK
Date: Wed, 30 Aug 2023 16:42:41 GMT
Content-Type: text/html
Content-Length: 615
Connection: keep-alive
Server: nginx/1.22.0
Last-Modified: Mon, 23 May 2022 23:59:19 GMT
ETag: "628c1fd7-267"
Accept-Ranges: bytes

HTTP/1.1 200 OK
Date: Wed, 30 Aug 2023 16:42:42 GMT
Content-Type: text/html
Content-Length: 615
Connection: keep-alive
Server: nginx/1.22.0
Last-Modified: Mon, 23 May 2022 23:59:19 GMT
ETag: "628c1fd7-267"
Accept-Ranges: bytes

HTTP/1.1 200 OK
Date: Wed, 30 Aug 2023 16:42:42 GMT
Content-Type: text/html
Content-Length: 615
Connection: keep-alive
Server: nginx/1.22.0
Last-Modified: Mon, 23 May 2022 23:59:19 GMT
ETag: "628c1fd7-267"
Accept-Ranges: bytes

HTTP/1.1 200 OK
Date: Wed, 30 Aug 2023 16:42:43 GMT
Content-Type: text/html
Content-Length: 615
Connection: keep-alive
Server: nginx/1.22.0
Last-Modified: Mon, 23 May 2022 23:59:19 GMT
ETag: "628c1fd7-267"
Accept-Ranges: bytes

HTTP/1.1 200 OK
Date: Wed, 30 Aug 2023 16:42:43 GMT
Content-Type: text/html
Content-Length: 615
Connection: keep-alive
Server: nginx/1.22.0
Last-Modified: Mon, 23 May 2022 23:59:19 GMT
ETag: "628c1fd7-267"
Accept-Ranges: bytes

HTTP/1.1 200 OK
Date: Wed, 30 Aug 2023 16:42:44 GMT
Content-Type: text/html
Content-Length: 615
Connection: keep-alive
Server: nginx/1.22.0
Last-Modified: Mon, 23 May 2022 23:59:19 GMT
ETag: "628c1fd7-267"
Accept-Ranges: bytes

HTTP/1.1 200 OK
Date: Wed, 30 Aug 2023 16:42:44 GMT
Content-Type: text/html
Content-Length: 615
Connection: keep-alive
Server: nginx/1.22.0
Last-Modified: Mon, 23 May 2022 23:59:19 GMT
ETag: "628c1fd7-267"
Accept-Ranges: bytes

HTTP/1.1 200 OK
Date: Wed, 30 Aug 2023 16:42:45 GMT
Content-Type: text/html
Content-Length: 615
Connection: keep-alive
Server: nginx/1.22.0
Last-Modified: Mon, 23 May 2022 23:59:19 GMT
ETag: "628c1fd7-267"
Accept-Ranges: bytes

HTTP/1.1 200 OK
Date: Wed, 30 Aug 2023 16:42:45 GMT
Content-Type: text/html
Content-Length: 615
Connection: keep-alive
Server: nginx/1.22.0
Last-Modified: Mon, 23 May 2022 23:59:19 GMT
ETag: "628c1fd7-267"
Accept-Ranges: bytes

